2018-06-08 12:09:56 INFO  DefaultTestContextBootstrapper:248 - Loaded default TestExecutionListener class names from location [META-INF/spring.factories]: [org.springframework.test.context.web.ServletTestExecutionListener, org.springframework.test.context.support.DirtiesContextBeforeModesTestExecutionListener, org.springframework.test.context.support.DependencyInjectionTestExecutionListener, org.springframework.test.context.support.DirtiesContextTestExecutionListener, org.springframework.test.context.transaction.TransactionalTestExecutionListener, org.springframework.test.context.jdbc.SqlScriptsTestExecutionListener]
2018-06-08 12:09:56 INFO  DefaultTestContextBootstrapper:177 - Using TestExecutionListeners: [org.springframework.test.context.support.DirtiesContextBeforeModesTestExecutionListener@5442a311, org.springframework.test.context.support.DependencyInjectionTestExecutionListener@548e7350, org.springframework.test.context.support.DirtiesContextTestExecutionListener@1a968a59, org.springframework.test.context.transaction.TransactionalTestExecutionListener@4667ae56, org.springframework.test.context.jdbc.SqlScriptsTestExecutionListener@77cd7a0]
2018-06-08 12:09:56 INFO  GenericApplicationContext:590 - Refreshing org.springframework.context.support.GenericApplicationContext@210366b4: startup date [Fri Jun 08 12:09:56 EEST 2018]; root of context hierarchy
2018-06-08 12:09:57 INFO  DriverManagerDataSource:133 - Loaded JDBC driver: org.sqlite.JDBC
2018-06-08 12:09:57 INFO  LocalContainerEntityManagerFactoryBean:361 - Building JPA container EntityManagerFactory for persistence unit 'default'
2018-06-08 12:09:57 INFO  LogHelper:31 - HHH000204: Processing PersistenceUnitInfo [
	name: default
	...]
2018-06-08 12:09:57 INFO  Version:46 - HHH000412: Hibernate Core {5.3.1.Final}
2018-06-08 12:09:57 INFO  Environment:213 - HHH000206: hibernate.properties not found
2018-06-08 12:09:57 INFO  Version:49 - HCANN000001: Hibernate Commons Annotations {5.0.3.Final}
2018-06-08 12:09:58 INFO  Dialect:157 - HHH000400: Using dialect: com.enigmabridge.hibernate.dialect.SQLiteDialect
2018-06-08 12:09:58 INFO  LobCreatorBuilderImpl:98 - HHH000423: Disabling contextual LOB creation as JDBC driver reported JDBC version [2] less than 4
2018-06-08 12:09:59 INFO  LocalContainerEntityManagerFactoryBean:415 - Initialized JPA EntityManagerFactory for persistence unit 'default'
2018-06-08 12:09:59 INFO  QueryTranslatorFactoryInitiator:47 - HHH000397: Using ASTQueryTranslatorFactory
2018-06-08 12:10:00 INFO  TransactionContext:107 - Began transaction (1) for test context [DefaultTestContext@4760f169 testClass = AppTest, testInstance = SqlTest.MainTest@261ea657, testMethod = testFindAll@AppTest, testException = [null], mergedContextConfiguration = [MergedContextConfiguration@35c12c7a testClass = AppTest, locations = '{}', classes = '{class SqlTest.AppConfig.AppConfig}', contextInitializerClasses = '[]', activeProfiles = '{}', propertySourceLocations = '{}', propertySourceProperties = '{}', contextCustomizers = set[[empty]], contextLoader = 'org.springframework.test.context.support.DelegatingSmartContextLoader', parent = [null]], attributes = map[[empty]]]; transaction manager [org.springframework.orm.jpa.JpaTransactionManager@1e43e323]; rollback [true]
2018-06-08 12:10:00 WARN  SqlExceptionHelper:129 - SQL Error: 1, SQLState: null
2018-06-08 12:10:00 ERROR SqlExceptionHelper:131 - [SQLITE_ERROR] SQL error or missing database (no such table: md_2DB)
2018-06-08 12:10:00 INFO  TransactionContext:139 - Rolled back transaction for test: [DefaultTestContext@4760f169 testClass = AppTest, testInstance = SqlTest.MainTest@261ea657, testMethod = testFindAll@AppTest, testException = org.springframework.orm.jpa.JpaSystemException: could not prepare statement; nested exception is org.hibernate.exception.GenericJDBCException: could not prepare statement, mergedContextConfiguration = [MergedContextConfiguration@35c12c7a testClass = AppTest, locations = '{}', classes = '{class SqlTest.AppConfig.AppConfig}', contextInitializerClasses = '[]', activeProfiles = '{}', propertySourceLocations = '{}', propertySourceProperties = '{}', contextCustomizers = set[[empty]], contextLoader = 'org.springframework.test.context.support.DelegatingSmartContextLoader', parent = [null]], attributes = map[[empty]]]
2018-06-08 12:10:00 INFO  GenericApplicationContext:993 - Closing org.springframework.context.support.GenericApplicationContext@210366b4: startup date [Fri Jun 08 12:09:56 EEST 2018]; root of context hierarchy
2018-06-08 12:10:00 INFO  LocalContainerEntityManagerFactoryBean:597 - Closing JPA EntityManagerFactory for persistence unit 'default'
2018-06-08 12:10:52 INFO  DefaultTestContextBootstrapper:248 - Loaded default TestExecutionListener class names from location [META-INF/spring.factories]: [org.springframework.test.context.web.ServletTestExecutionListener, org.springframework.test.context.support.DirtiesContextBeforeModesTestExecutionListener, org.springframework.test.context.support.DependencyInjectionTestExecutionListener, org.springframework.test.context.support.DirtiesContextTestExecutionListener, org.springframework.test.context.transaction.TransactionalTestExecutionListener, org.springframework.test.context.jdbc.SqlScriptsTestExecutionListener]
2018-06-08 12:10:52 INFO  DefaultTestContextBootstrapper:177 - Using TestExecutionListeners: [org.springframework.test.context.support.DirtiesContextBeforeModesTestExecutionListener@5442a311, org.springframework.test.context.support.DependencyInjectionTestExecutionListener@548e7350, org.springframework.test.context.support.DirtiesContextTestExecutionListener@1a968a59, org.springframework.test.context.transaction.TransactionalTestExecutionListener@4667ae56, org.springframework.test.context.jdbc.SqlScriptsTestExecutionListener@77cd7a0]
2018-06-08 12:10:53 INFO  GenericApplicationContext:590 - Refreshing org.springframework.context.support.GenericApplicationContext@210366b4: startup date [Fri Jun 08 12:10:53 EEST 2018]; root of context hierarchy
2018-06-08 12:10:53 INFO  DriverManagerDataSource:133 - Loaded JDBC driver: org.sqlite.JDBC
2018-06-08 12:10:53 INFO  LocalContainerEntityManagerFactoryBean:361 - Building JPA container EntityManagerFactory for persistence unit 'default'
2018-06-08 12:10:53 INFO  LogHelper:31 - HHH000204: Processing PersistenceUnitInfo [
	name: default
	...]
2018-06-08 12:10:54 INFO  Version:46 - HHH000412: Hibernate Core {5.3.1.Final}
2018-06-08 12:10:54 INFO  Environment:213 - HHH000206: hibernate.properties not found
2018-06-08 12:10:54 INFO  Version:49 - HCANN000001: Hibernate Commons Annotations {5.0.3.Final}
2018-06-08 12:10:54 INFO  Dialect:157 - HHH000400: Using dialect: com.enigmabridge.hibernate.dialect.SQLiteDialect
2018-06-08 12:10:54 INFO  LobCreatorBuilderImpl:98 - HHH000423: Disabling contextual LOB creation as JDBC driver reported JDBC version [2] less than 4
2018-06-08 12:10:55 INFO  LocalContainerEntityManagerFactoryBean:415 - Initialized JPA EntityManagerFactory for persistence unit 'default'
2018-06-08 12:10:56 INFO  QueryTranslatorFactoryInitiator:47 - HHH000397: Using ASTQueryTranslatorFactory
2018-06-08 12:10:56 INFO  TransactionContext:107 - Began transaction (1) for test context [DefaultTestContext@7a0ef219 testClass = AppTest, testInstance = SqlTest.MainTest@1b1f5012, testMethod = testFindAll@AppTest, testException = [null], mergedContextConfiguration = [MergedContextConfiguration@7add323c testClass = AppTest, locations = '{}', classes = '{class SqlTest.AppConfig.AppConfig}', contextInitializerClasses = '[]', activeProfiles = '{}', propertySourceLocations = '{}', propertySourceProperties = '{}', contextCustomizers = set[[empty]], contextLoader = 'org.springframework.test.context.support.DelegatingSmartContextLoader', parent = [null]], attributes = map[[empty]]]; transaction manager [org.springframework.orm.jpa.JpaTransactionManager@cf518cf]; rollback [true]
2018-06-08 12:10:56 WARN  SqlExceptionHelper:129 - SQL Error: 1, SQLState: null
2018-06-08 12:10:56 ERROR SqlExceptionHelper:131 - [SQLITE_ERROR] SQL error or missing database (no such table: md_2DB)
2018-06-08 12:10:56 INFO  TransactionContext:139 - Rolled back transaction for test: [DefaultTestContext@7a0ef219 testClass = AppTest, testInstance = SqlTest.MainTest@1b1f5012, testMethod = testFindAll@AppTest, testException = org.springframework.orm.jpa.JpaSystemException: could not prepare statement; nested exception is org.hibernate.exception.GenericJDBCException: could not prepare statement, mergedContextConfiguration = [MergedContextConfiguration@7add323c testClass = AppTest, locations = '{}', classes = '{class SqlTest.AppConfig.AppConfig}', contextInitializerClasses = '[]', activeProfiles = '{}', propertySourceLocations = '{}', propertySourceProperties = '{}', contextCustomizers = set[[empty]], contextLoader = 'org.springframework.test.context.support.DelegatingSmartContextLoader', parent = [null]], attributes = map[[empty]]]
2018-06-08 12:10:56 INFO  GenericApplicationContext:993 - Closing org.springframework.context.support.GenericApplicationContext@210366b4: startup date [Fri Jun 08 12:10:53 EEST 2018]; root of context hierarchy
2018-06-08 12:10:56 INFO  LocalContainerEntityManagerFactoryBean:597 - Closing JPA EntityManagerFactory for persistence unit 'default'
2018-06-08 12:16:11 INFO  DefaultTestContextBootstrapper:248 - Loaded default TestExecutionListener class names from location [META-INF/spring.factories]: [org.springframework.test.context.web.ServletTestExecutionListener, org.springframework.test.context.support.DirtiesContextBeforeModesTestExecutionListener, org.springframework.test.context.support.DependencyInjectionTestExecutionListener, org.springframework.test.context.support.DirtiesContextTestExecutionListener, org.springframework.test.context.transaction.TransactionalTestExecutionListener, org.springframework.test.context.jdbc.SqlScriptsTestExecutionListener]
2018-06-08 12:16:11 INFO  DefaultTestContextBootstrapper:177 - Using TestExecutionListeners: [org.springframework.test.context.support.DirtiesContextBeforeModesTestExecutionListener@53b32d7, org.springframework.test.context.support.DependencyInjectionTestExecutionListener@5442a311, org.springframework.test.context.support.DirtiesContextTestExecutionListener@548e7350, org.springframework.test.context.transaction.TransactionalTestExecutionListener@1a968a59, org.springframework.test.context.jdbc.SqlScriptsTestExecutionListener@4667ae56]
2018-06-08 12:16:11 INFO  GenericApplicationContext:590 - Refreshing org.springframework.context.support.GenericApplicationContext@335eadca: startup date [Fri Jun 08 12:16:11 EEST 2018]; root of context hierarchy
2018-06-08 12:16:12 INFO  DriverManagerDataSource:133 - Loaded JDBC driver: org.sqlite.JDBC
2018-06-08 12:16:12 INFO  LocalContainerEntityManagerFactoryBean:361 - Building JPA container EntityManagerFactory for persistence unit 'default'
2018-06-08 12:16:12 INFO  LogHelper:31 - HHH000204: Processing PersistenceUnitInfo [
	name: default
	...]
2018-06-08 12:16:12 INFO  Version:46 - HHH000412: Hibernate Core {5.3.1.Final}
2018-06-08 12:16:12 INFO  Environment:213 - HHH000206: hibernate.properties not found
2018-06-08 12:16:12 INFO  Version:49 - HCANN000001: Hibernate Commons Annotations {5.0.3.Final}
2018-06-08 12:16:13 INFO  Dialect:157 - HHH000400: Using dialect: com.enigmabridge.hibernate.dialect.SQLiteDialect
2018-06-08 12:16:13 INFO  LobCreatorBuilderImpl:98 - HHH000423: Disabling contextual LOB creation as JDBC driver reported JDBC version [2] less than 4
2018-06-08 12:16:14 INFO  LocalContainerEntityManagerFactoryBean:415 - Initialized JPA EntityManagerFactory for persistence unit 'default'
2018-06-08 12:16:14 INFO  QueryTranslatorFactoryInitiator:47 - HHH000397: Using ASTQueryTranslatorFactory
2018-06-08 12:16:15 INFO  TransactionContext:107 - Began transaction (1) for test context [DefaultTestContext@261ea657 testClass = AppTest, testInstance = SqlTest.MainTest@35c12c7a, testMethod = testFindAll@AppTest, testException = [null], mergedContextConfiguration = [MergedContextConfiguration@658255aa testClass = AppTest, locations = '{}', classes = '{class SqlTest.AppConfig.AppConfig}', contextInitializerClasses = '[]', activeProfiles = '{}', propertySourceLocations = '{}', propertySourceProperties = '{}', contextCustomizers = set[[empty]], contextLoader = 'org.springframework.test.context.support.DelegatingSmartContextLoader', parent = [null]], attributes = map[[empty]]]; transaction manager [org.springframework.orm.jpa.JpaTransactionManager@4a67b4ec]; rollback [true]
2018-06-08 12:16:15 WARN  SqlExceptionHelper:129 - SQL Error: 1, SQLState: null
2018-06-08 12:16:15 ERROR SqlExceptionHelper:131 - [SQLITE_ERROR] SQL error or missing database (no such table: md_2DB)
2018-06-08 12:16:15 INFO  TransactionContext:139 - Rolled back transaction for test: [DefaultTestContext@261ea657 testClass = AppTest, testInstance = SqlTest.MainTest@35c12c7a, testMethod = testFindAll@AppTest, testException = org.springframework.orm.jpa.JpaSystemException: could not prepare statement; nested exception is org.hibernate.exception.GenericJDBCException: could not prepare statement, mergedContextConfiguration = [MergedContextConfiguration@658255aa testClass = AppTest, locations = '{}', classes = '{class SqlTest.AppConfig.AppConfig}', contextInitializerClasses = '[]', activeProfiles = '{}', propertySourceLocations = '{}', propertySourceProperties = '{}', contextCustomizers = set[[empty]], contextLoader = 'org.springframework.test.context.support.DelegatingSmartContextLoader', parent = [null]], attributes = map[[empty]]]
2018-06-08 12:16:15 INFO  GenericApplicationContext:993 - Closing org.springframework.context.support.GenericApplicationContext@335eadca: startup date [Fri Jun 08 12:16:11 EEST 2018]; root of context hierarchy
2018-06-08 12:16:15 INFO  LocalContainerEntityManagerFactoryBean:597 - Closing JPA EntityManagerFactory for persistence unit 'default'
2018-06-08 12:19:39 INFO  DefaultTestContextBootstrapper:248 - Loaded default TestExecutionListener class names from location [META-INF/spring.factories]: [org.springframework.test.context.web.ServletTestExecutionListener, org.springframework.test.context.support.DirtiesContextBeforeModesTestExecutionListener, org.springframework.test.context.support.DependencyInjectionTestExecutionListener, org.springframework.test.context.support.DirtiesContextTestExecutionListener, org.springframework.test.context.transaction.TransactionalTestExecutionListener, org.springframework.test.context.jdbc.SqlScriptsTestExecutionListener]
2018-06-08 12:19:39 INFO  DefaultTestContextBootstrapper:177 - Using TestExecutionListeners: [org.springframework.test.context.support.DirtiesContextBeforeModesTestExecutionListener@5442a311, org.springframework.test.context.support.DependencyInjectionTestExecutionListener@548e7350, org.springframework.test.context.support.DirtiesContextTestExecutionListener@1a968a59, org.springframework.test.context.transaction.TransactionalTestExecutionListener@4667ae56, org.springframework.test.context.jdbc.SqlScriptsTestExecutionListener@77cd7a0]
2018-06-08 12:19:40 INFO  GenericApplicationContext:590 - Refreshing org.springframework.context.support.GenericApplicationContext@210366b4: startup date [Fri Jun 08 12:19:40 EEST 2018]; root of context hierarchy
2018-06-08 12:19:40 INFO  DriverManagerDataSource:133 - Loaded JDBC driver: org.sqlite.JDBC
2018-06-08 12:19:40 INFO  LocalContainerEntityManagerFactoryBean:361 - Building JPA container EntityManagerFactory for persistence unit 'default'
2018-06-08 12:19:40 INFO  LogHelper:31 - HHH000204: Processing PersistenceUnitInfo [
	name: default
	...]
2018-06-08 12:19:40 INFO  Version:46 - HHH000412: Hibernate Core {5.3.1.Final}
2018-06-08 12:19:40 INFO  Environment:213 - HHH000206: hibernate.properties not found
2018-06-08 12:19:41 INFO  Version:49 - HCANN000001: Hibernate Commons Annotations {5.0.3.Final}
2018-06-08 12:19:41 INFO  Dialect:157 - HHH000400: Using dialect: com.enigmabridge.hibernate.dialect.SQLiteDialect
2018-06-08 12:19:41 INFO  LobCreatorBuilderImpl:98 - HHH000423: Disabling contextual LOB creation as JDBC driver reported JDBC version [2] less than 4
2018-06-08 12:19:42 INFO  LocalContainerEntityManagerFactoryBean:415 - Initialized JPA EntityManagerFactory for persistence unit 'default'
2018-06-08 12:19:43 INFO  QueryTranslatorFactoryInitiator:47 - HHH000397: Using ASTQueryTranslatorFactory
2018-06-08 12:19:43 INFO  TransactionContext:107 - Began transaction (1) for test context [DefaultTestContext@625d9132 testClass = AppTest, testInstance = SqlTest.MainTest@77774571, testMethod = testFindAll@AppTest, testException = [null], mergedContextConfiguration = [MergedContextConfiguration@277b8fa4 testClass = AppTest, locations = '{}', classes = '{class SqlTest.AppConfig.AppConfig}', contextInitializerClasses = '[]', activeProfiles = '{}', propertySourceLocations = '{}', propertySourceProperties = '{}', contextCustomizers = set[[empty]], contextLoader = 'org.springframework.test.context.support.DelegatingSmartContextLoader', parent = [null]], attributes = map[[empty]]]; transaction manager [org.springframework.orm.jpa.JpaTransactionManager@de8039f]; rollback [true]
2018-06-08 12:19:43 INFO  TransactionContext:139 - Rolled back transaction for test: [DefaultTestContext@625d9132 testClass = AppTest, testInstance = SqlTest.MainTest@77774571, testMethod = testFindAll@AppTest, testException = [null], mergedContextConfiguration = [MergedContextConfiguration@277b8fa4 testClass = AppTest, locations = '{}', classes = '{class SqlTest.AppConfig.AppConfig}', contextInitializerClasses = '[]', activeProfiles = '{}', propertySourceLocations = '{}', propertySourceProperties = '{}', contextCustomizers = set[[empty]], contextLoader = 'org.springframework.test.context.support.DelegatingSmartContextLoader', parent = [null]], attributes = map[[empty]]]
2018-06-08 12:19:43 INFO  GenericApplicationContext:993 - Closing org.springframework.context.support.GenericApplicationContext@210366b4: startup date [Fri Jun 08 12:19:40 EEST 2018]; root of context hierarchy
2018-06-08 12:19:43 INFO  LocalContainerEntityManagerFactoryBean:597 - Closing JPA EntityManagerFactory for persistence unit 'default'
2018-06-08 12:20:05 INFO  DefaultTestContextBootstrapper:248 - Loaded default TestExecutionListener class names from location [META-INF/spring.factories]: [org.springframework.test.context.web.ServletTestExecutionListener, org.springframework.test.context.support.DirtiesContextBeforeModesTestExecutionListener, org.springframework.test.context.support.DependencyInjectionTestExecutionListener, org.springframework.test.context.support.DirtiesContextTestExecutionListener, org.springframework.test.context.transaction.TransactionalTestExecutionListener, org.springframework.test.context.jdbc.SqlScriptsTestExecutionListener]
2018-06-08 12:20:05 INFO  DefaultTestContextBootstrapper:177 - Using TestExecutionListeners: [org.springframework.test.context.support.DirtiesContextBeforeModesTestExecutionListener@598067a5, org.springframework.test.context.support.DependencyInjectionTestExecutionListener@3c0ecd4b, org.springframework.test.context.support.DirtiesContextTestExecutionListener@14bf9759, org.springframework.test.context.transaction.TransactionalTestExecutionListener@5f341870, org.springframework.test.context.jdbc.SqlScriptsTestExecutionListener@553f17c]
2018-06-08 12:20:05 INFO  GenericApplicationContext:590 - Refreshing org.springframework.context.support.GenericApplicationContext@67b92f0a: startup date [Fri Jun 08 12:20:05 EEST 2018]; root of context hierarchy
2018-06-08 12:20:05 INFO  DriverManagerDataSource:133 - Loaded JDBC driver: org.sqlite.JDBC
2018-06-08 12:20:05 INFO  LocalContainerEntityManagerFactoryBean:361 - Building JPA container EntityManagerFactory for persistence unit 'default'
2018-06-08 12:20:05 INFO  LogHelper:31 - HHH000204: Processing PersistenceUnitInfo [
	name: default
	...]
2018-06-08 12:20:06 INFO  Version:46 - HHH000412: Hibernate Core {5.3.1.Final}
2018-06-08 12:20:06 INFO  Environment:213 - HHH000206: hibernate.properties not found
2018-06-08 12:20:06 INFO  Version:49 - HCANN000001: Hibernate Commons Annotations {5.0.3.Final}
2018-06-08 12:20:06 INFO  Dialect:157 - HHH000400: Using dialect: com.enigmabridge.hibernate.dialect.SQLiteDialect
2018-06-08 12:20:06 INFO  LobCreatorBuilderImpl:98 - HHH000423: Disabling contextual LOB creation as JDBC driver reported JDBC version [2] less than 4
2018-06-08 12:20:08 INFO  LocalContainerEntityManagerFactoryBean:415 - Initialized JPA EntityManagerFactory for persistence unit 'default'
2018-06-08 12:20:08 INFO  QueryTranslatorFactoryInitiator:47 - HHH000397: Using ASTQueryTranslatorFactory
2018-06-08 12:20:08 INFO  TransactionContext:107 - Began transaction (1) for test context [DefaultTestContext@3c3a0032 testClass = AppTest, testInstance = SqlTest.MainTest@7ceb4478, testMethod = testFindAll@AppTest, testException = [null], mergedContextConfiguration = [MergedContextConfiguration@7fdab70c testClass = AppTest, locations = '{}', classes = '{class SqlTest.AppConfig.AppConfig}', contextInitializerClasses = '[]', activeProfiles = '{}', propertySourceLocations = '{}', propertySourceProperties = '{}', contextCustomizers = set[[empty]], contextLoader = 'org.springframework.test.context.support.DelegatingSmartContextLoader', parent = [null]], attributes = map[[empty]]]; transaction manager [org.springframework.orm.jpa.JpaTransactionManager@35d5ac51]; rollback [true]
2018-06-08 12:20:08 INFO  TransactionContext:139 - Rolled back transaction for test: [DefaultTestContext@3c3a0032 testClass = AppTest, testInstance = SqlTest.MainTest@7ceb4478, testMethod = testFindAll@AppTest, testException = [null], mergedContextConfiguration = [MergedContextConfiguration@7fdab70c testClass = AppTest, locations = '{}', classes = '{class SqlTest.AppConfig.AppConfig}', contextInitializerClasses = '[]', activeProfiles = '{}', propertySourceLocations = '{}', propertySourceProperties = '{}', contextCustomizers = set[[empty]], contextLoader = 'org.springframework.test.context.support.DelegatingSmartContextLoader', parent = [null]], attributes = map[[empty]]]
2018-06-08 12:20:08 INFO  GenericApplicationContext:993 - Closing org.springframework.context.support.GenericApplicationContext@67b92f0a: startup date [Fri Jun 08 12:20:05 EEST 2018]; root of context hierarchy
2018-06-08 12:20:08 INFO  LocalContainerEntityManagerFactoryBean:597 - Closing JPA EntityManagerFactory for persistence unit 'default'
2018-06-08 12:21:47 INFO  DefaultTestContextBootstrapper:248 - Loaded default TestExecutionListener class names from location [META-INF/spring.factories]: [org.springframework.test.context.web.ServletTestExecutionListener, org.springframework.test.context.support.DirtiesContextBeforeModesTestExecutionListener, org.springframework.test.context.support.DependencyInjectionTestExecutionListener, org.springframework.test.context.support.DirtiesContextTestExecutionListener, org.springframework.test.context.transaction.TransactionalTestExecutionListener, org.springframework.test.context.jdbc.SqlScriptsTestExecutionListener]
2018-06-08 12:21:47 INFO  DefaultTestContextBootstrapper:177 - Using TestExecutionListeners: [org.springframework.test.context.support.DirtiesContextBeforeModesTestExecutionListener@598067a5, org.springframework.test.context.support.DependencyInjectionTestExecutionListener@3c0ecd4b, org.springframework.test.context.support.DirtiesContextTestExecutionListener@14bf9759, org.springframework.test.context.transaction.TransactionalTestExecutionListener@5f341870, org.springframework.test.context.jdbc.SqlScriptsTestExecutionListener@553f17c]
2018-06-08 12:21:47 INFO  GenericApplicationContext:590 - Refreshing org.springframework.context.support.GenericApplicationContext@67b92f0a: startup date [Fri Jun 08 12:21:47 EEST 2018]; root of context hierarchy
2018-06-08 12:21:48 INFO  DriverManagerDataSource:133 - Loaded JDBC driver: org.sqlite.JDBC
2018-06-08 12:21:48 INFO  LocalContainerEntityManagerFactoryBean:361 - Building JPA container EntityManagerFactory for persistence unit 'default'
2018-06-08 12:21:48 INFO  LogHelper:31 - HHH000204: Processing PersistenceUnitInfo [
	name: default
	...]
2018-06-08 12:21:48 INFO  Version:46 - HHH000412: Hibernate Core {5.3.1.Final}
2018-06-08 12:21:48 INFO  Environment:213 - HHH000206: hibernate.properties not found
2018-06-08 12:21:48 INFO  Version:49 - HCANN000001: Hibernate Commons Annotations {5.0.3.Final}
2018-06-08 12:21:48 INFO  Dialect:157 - HHH000400: Using dialect: com.enigmabridge.hibernate.dialect.SQLiteDialect
2018-06-08 12:21:49 INFO  LobCreatorBuilderImpl:98 - HHH000423: Disabling contextual LOB creation as JDBC driver reported JDBC version [2] less than 4
2018-06-08 12:21:50 INFO  LocalContainerEntityManagerFactoryBean:415 - Initialized JPA EntityManagerFactory for persistence unit 'default'
2018-06-08 12:21:50 INFO  QueryTranslatorFactoryInitiator:47 - HHH000397: Using ASTQueryTranslatorFactory
2018-06-08 12:21:50 INFO  TransactionContext:107 - Began transaction (1) for test context [DefaultTestContext@3bbf841e testClass = AppTest, testInstance = SqlTest.MainTest@4f0f7849, testMethod = testFindAll@AppTest, testException = [null], mergedContextConfiguration = [MergedContextConfiguration@56a4f272 testClass = AppTest, locations = '{}', classes = '{class SqlTest.AppConfig.AppConfig}', contextInitializerClasses = '[]', activeProfiles = '{}', propertySourceLocations = '{}', propertySourceProperties = '{}', contextCustomizers = set[[empty]], contextLoader = 'org.springframework.test.context.support.DelegatingSmartContextLoader', parent = [null]], attributes = map[[empty]]]; transaction manager [org.springframework.orm.jpa.JpaTransactionManager@6944e53e]; rollback [true]
2018-06-08 12:21:50 INFO  TransactionContext:139 - Rolled back transaction for test: [DefaultTestContext@3bbf841e testClass = AppTest, testInstance = SqlTest.MainTest@4f0f7849, testMethod = testFindAll@AppTest, testException = [null], mergedContextConfiguration = [MergedContextConfiguration@56a4f272 testClass = AppTest, locations = '{}', classes = '{class SqlTest.AppConfig.AppConfig}', contextInitializerClasses = '[]', activeProfiles = '{}', propertySourceLocations = '{}', propertySourceProperties = '{}', contextCustomizers = set[[empty]], contextLoader = 'org.springframework.test.context.support.DelegatingSmartContextLoader', parent = [null]], attributes = map[[empty]]]
2018-06-08 12:21:50 INFO  GenericApplicationContext:993 - Closing org.springframework.context.support.GenericApplicationContext@67b92f0a: startup date [Fri Jun 08 12:21:47 EEST 2018]; root of context hierarchy
2018-06-08 12:21:50 INFO  LocalContainerEntityManagerFactoryBean:597 - Closing JPA EntityManagerFactory for persistence unit 'default'
2018-06-08 12:23:49 INFO  DefaultTestContextBootstrapper:248 - Loaded default TestExecutionListener class names from location [META-INF/spring.factories]: [org.springframework.test.context.web.ServletTestExecutionListener, org.springframework.test.context.support.DirtiesContextBeforeModesTestExecutionListener, org.springframework.test.context.support.DependencyInjectionTestExecutionListener, org.springframework.test.context.support.DirtiesContextTestExecutionListener, org.springframework.test.context.transaction.TransactionalTestExecutionListener, org.springframework.test.context.jdbc.SqlScriptsTestExecutionListener]
2018-06-08 12:23:49 INFO  DefaultTestContextBootstrapper:177 - Using TestExecutionListeners: [org.springframework.test.context.support.DirtiesContextBeforeModesTestExecutionListener@598067a5, org.springframework.test.context.support.DependencyInjectionTestExecutionListener@3c0ecd4b, org.springframework.test.context.support.DirtiesContextTestExecutionListener@14bf9759, org.springframework.test.context.transaction.TransactionalTestExecutionListener@5f341870, org.springframework.test.context.jdbc.SqlScriptsTestExecutionListener@553f17c]
2018-06-08 12:23:49 INFO  GenericApplicationContext:590 - Refreshing org.springframework.context.support.GenericApplicationContext@67b92f0a: startup date [Fri Jun 08 12:23:49 EEST 2018]; root of context hierarchy
2018-06-08 12:23:50 INFO  DriverManagerDataSource:133 - Loaded JDBC driver: org.sqlite.JDBC
2018-06-08 12:23:50 INFO  LocalContainerEntityManagerFactoryBean:361 - Building JPA container EntityManagerFactory for persistence unit 'default'
2018-06-08 12:23:50 INFO  LogHelper:31 - HHH000204: Processing PersistenceUnitInfo [
	name: default
	...]
2018-06-08 12:23:50 INFO  Version:46 - HHH000412: Hibernate Core {5.3.1.Final}
2018-06-08 12:23:50 INFO  Environment:213 - HHH000206: hibernate.properties not found
2018-06-08 12:23:50 INFO  Version:49 - HCANN000001: Hibernate Commons Annotations {5.0.3.Final}
2018-06-08 12:23:51 INFO  Dialect:157 - HHH000400: Using dialect: com.enigmabridge.hibernate.dialect.SQLiteDialect
2018-06-08 12:23:51 INFO  LobCreatorBuilderImpl:98 - HHH000423: Disabling contextual LOB creation as JDBC driver reported JDBC version [2] less than 4
2018-06-08 12:23:52 INFO  LocalContainerEntityManagerFactoryBean:415 - Initialized JPA EntityManagerFactory for persistence unit 'default'
2018-06-08 12:23:53 INFO  QueryTranslatorFactoryInitiator:47 - HHH000397: Using ASTQueryTranslatorFactory
2018-06-08 12:23:53 INFO  TransactionContext:107 - Began transaction (1) for test context [DefaultTestContext@4f0f7849 testClass = AppTest, testInstance = SqlTest.MainTest@56a4f272, testMethod = testFindAll@AppTest, testException = [null], mergedContextConfiguration = [MergedContextConfiguration@3ee0b4f7 testClass = AppTest, locations = '{}', classes = '{class SqlTest.AppConfig.AppConfig}', contextInitializerClasses = '[]', activeProfiles = '{}', propertySourceLocations = '{}', propertySourceProperties = '{}', contextCustomizers = set[[empty]], contextLoader = 'org.springframework.test.context.support.DelegatingSmartContextLoader', parent = [null]], attributes = map[[empty]]]; transaction manager [org.springframework.orm.jpa.JpaTransactionManager@52e04737]; rollback [true]
2018-06-08 12:23:53 INFO  TransactionContext:139 - Rolled back transaction for test: [DefaultTestContext@4f0f7849 testClass = AppTest, testInstance = SqlTest.MainTest@56a4f272, testMethod = testFindAll@AppTest, testException = [null], mergedContextConfiguration = [MergedContextConfiguration@3ee0b4f7 testClass = AppTest, locations = '{}', classes = '{class SqlTest.AppConfig.AppConfig}', contextInitializerClasses = '[]', activeProfiles = '{}', propertySourceLocations = '{}', propertySourceProperties = '{}', contextCustomizers = set[[empty]], contextLoader = 'org.springframework.test.context.support.DelegatingSmartContextLoader', parent = [null]], attributes = map[[empty]]]
2018-06-08 12:23:53 INFO  GenericApplicationContext:993 - Closing org.springframework.context.support.GenericApplicationContext@67b92f0a: startup date [Fri Jun 08 12:23:49 EEST 2018]; root of context hierarchy
2018-06-08 12:23:53 INFO  LocalContainerEntityManagerFactoryBean:597 - Closing JPA EntityManagerFactory for persistence unit 'default'
2018-06-08 12:24:11 INFO  DefaultTestContextBootstrapper:248 - Loaded default TestExecutionListener class names from location [META-INF/spring.factories]: [org.springframework.test.context.web.ServletTestExecutionListener, org.springframework.test.context.support.DirtiesContextBeforeModesTestExecutionListener, org.springframework.test.context.support.DependencyInjectionTestExecutionListener, org.springframework.test.context.support.DirtiesContextTestExecutionListener, org.springframework.test.context.transaction.TransactionalTestExecutionListener, org.springframework.test.context.jdbc.SqlScriptsTestExecutionListener]
2018-06-08 12:24:11 INFO  DefaultTestContextBootstrapper:177 - Using TestExecutionListeners: [org.springframework.test.context.support.DirtiesContextBeforeModesTestExecutionListener@204f30ec, org.springframework.test.context.support.DependencyInjectionTestExecutionListener@e25b2fe, org.springframework.test.context.support.DirtiesContextTestExecutionListener@754ba872, org.springframework.test.context.transaction.TransactionalTestExecutionListener@146ba0ac, org.springframework.test.context.jdbc.SqlScriptsTestExecutionListener@4dfa3a9d]
2018-06-08 12:24:11 INFO  GenericApplicationContext:590 - Refreshing org.springframework.context.support.GenericApplicationContext@6ddf90b0: startup date [Fri Jun 08 12:24:11 EEST 2018]; root of context hierarchy
2018-06-08 12:24:12 INFO  DriverManagerDataSource:133 - Loaded JDBC driver: org.sqlite.JDBC
2018-06-08 12:24:12 INFO  LocalContainerEntityManagerFactoryBean:361 - Building JPA container EntityManagerFactory for persistence unit 'default'
2018-06-08 12:24:12 INFO  LogHelper:31 - HHH000204: Processing PersistenceUnitInfo [
	name: default
	...]
2018-06-08 12:24:12 INFO  Version:46 - HHH000412: Hibernate Core {5.3.1.Final}
2018-06-08 12:24:12 INFO  Environment:213 - HHH000206: hibernate.properties not found
2018-06-08 12:24:12 INFO  Version:49 - HCANN000001: Hibernate Commons Annotations {5.0.3.Final}
2018-06-08 12:24:13 INFO  Dialect:157 - HHH000400: Using dialect: com.enigmabridge.hibernate.dialect.SQLiteDialect
2018-06-08 12:24:13 INFO  LobCreatorBuilderImpl:98 - HHH000423: Disabling contextual LOB creation as JDBC driver reported JDBC version [2] less than 4
2018-06-08 12:24:14 INFO  LocalContainerEntityManagerFactoryBean:415 - Initialized JPA EntityManagerFactory for persistence unit 'default'
2018-06-08 12:24:14 INFO  QueryTranslatorFactoryInitiator:47 - HHH000397: Using ASTQueryTranslatorFactory
2018-06-08 12:24:15 INFO  GenericApplicationContext:993 - Closing org.springframework.context.support.GenericApplicationContext@6ddf90b0: startup date [Fri Jun 08 12:24:11 EEST 2018]; root of context hierarchy
2018-06-08 12:24:15 INFO  LocalContainerEntityManagerFactoryBean:597 - Closing JPA EntityManagerFactory for persistence unit 'default'
2018-06-08 12:31:01 INFO  DefaultTestContextBootstrapper:248 - Loaded default TestExecutionListener class names from location [META-INF/spring.factories]: [org.springframework.test.context.web.ServletTestExecutionListener, org.springframework.test.context.support.DirtiesContextBeforeModesTestExecutionListener, org.springframework.test.context.support.DependencyInjectionTestExecutionListener, org.springframework.test.context.support.DirtiesContextTestExecutionListener, org.springframework.test.context.transaction.TransactionalTestExecutionListener, org.springframework.test.context.jdbc.SqlScriptsTestExecutionListener]
2018-06-08 12:31:01 INFO  DefaultTestContextBootstrapper:177 - Using TestExecutionListeners: [org.springframework.test.context.support.DirtiesContextBeforeModesTestExecutionListener@271053e1, org.springframework.test.context.support.DependencyInjectionTestExecutionListener@589838eb, org.springframework.test.context.support.DirtiesContextTestExecutionListener@42dafa95, org.springframework.test.context.transaction.TransactionalTestExecutionListener@6500df86, org.springframework.test.context.jdbc.SqlScriptsTestExecutionListener@402a079c]
2018-06-08 12:31:02 INFO  GenericApplicationContext:590 - Refreshing org.springframework.context.support.GenericApplicationContext@887af79: startup date [Fri Jun 08 12:31:02 EEST 2018]; root of context hierarchy
2018-06-08 12:31:02 INFO  DriverManagerDataSource:133 - Loaded JDBC driver: org.sqlite.JDBC
2018-06-08 12:31:02 INFO  LocalContainerEntityManagerFactoryBean:361 - Building JPA container EntityManagerFactory for persistence unit 'default'
2018-06-08 12:31:02 INFO  LogHelper:31 - HHH000204: Processing PersistenceUnitInfo [
	name: default
	...]
2018-06-08 12:31:03 INFO  Version:46 - HHH000412: Hibernate Core {5.3.1.Final}
2018-06-08 12:31:03 INFO  Environment:213 - HHH000206: hibernate.properties not found
2018-06-08 12:31:03 INFO  Version:49 - HCANN000001: Hibernate Commons Annotations {5.0.3.Final}
2018-06-08 12:31:03 INFO  Dialect:157 - HHH000400: Using dialect: com.enigmabridge.hibernate.dialect.SQLiteDialect
2018-06-08 12:31:03 INFO  LobCreatorBuilderImpl:98 - HHH000423: Disabling contextual LOB creation as JDBC driver reported JDBC version [2] less than 4
2018-06-08 12:31:05 INFO  LocalContainerEntityManagerFactoryBean:415 - Initialized JPA EntityManagerFactory for persistence unit 'default'
2018-06-08 12:31:05 INFO  QueryTranslatorFactoryInitiator:47 - HHH000397: Using ASTQueryTranslatorFactory
2018-06-08 12:31:05 INFO  TransactionContext:107 - Began transaction (1) for test context [DefaultTestContext@7fdab70c testClass = AppTest, testInstance = SqlTest.MainTest@25ad4f71, testMethod = testFindAll@AppTest, testException = [null], mergedContextConfiguration = [MergedContextConfiguration@49faf066 testClass = AppTest, locations = '{}', classes = '{class SqlTest.AppConfig.AppConfig}', contextInitializerClasses = '[]', activeProfiles = '{}', propertySourceLocations = '{}', propertySourceProperties = '{}', contextCustomizers = set[[empty]], contextLoader = 'org.springframework.test.context.support.DelegatingSmartContextLoader', parent = [null]], attributes = map[[empty]]]; transaction manager [org.springframework.orm.jpa.JpaTransactionManager@38bb9d7a]; rollback [true]
2018-06-08 12:31:05 INFO  TransactionContext:139 - Rolled back transaction for test: [DefaultTestContext@7fdab70c testClass = AppTest, testInstance = SqlTest.MainTest@25ad4f71, testMethod = testFindAll@AppTest, testException = [null], mergedContextConfiguration = [MergedContextConfiguration@49faf066 testClass = AppTest, locations = '{}', classes = '{class SqlTest.AppConfig.AppConfig}', contextInitializerClasses = '[]', activeProfiles = '{}', propertySourceLocations = '{}', propertySourceProperties = '{}', contextCustomizers = set[[empty]], contextLoader = 'org.springframework.test.context.support.DelegatingSmartContextLoader', parent = [null]], attributes = map[[empty]]]
2018-06-08 12:31:05 INFO  GenericApplicationContext:993 - Closing org.springframework.context.support.GenericApplicationContext@887af79: startup date [Fri Jun 08 12:31:02 EEST 2018]; root of context hierarchy
2018-06-08 12:31:05 INFO  LocalContainerEntityManagerFactoryBean:597 - Closing JPA EntityManagerFactory for persistence unit 'default'
2018-06-08 12:33:10 INFO  DefaultTestContextBootstrapper:248 - Loaded default TestExecutionListener class names from location [META-INF/spring.factories]: [org.springframework.test.context.web.ServletTestExecutionListener, org.springframework.test.context.support.DirtiesContextBeforeModesTestExecutionListener, org.springframework.test.context.support.DependencyInjectionTestExecutionListener, org.springframework.test.context.support.DirtiesContextTestExecutionListener, org.springframework.test.context.transaction.TransactionalTestExecutionListener, org.springframework.test.context.jdbc.SqlScriptsTestExecutionListener]
2018-06-08 12:33:10 INFO  DefaultTestContextBootstrapper:177 - Using TestExecutionListeners: [org.springframework.test.context.support.DirtiesContextBeforeModesTestExecutionListener@4f7d0008, org.springframework.test.context.support.DependencyInjectionTestExecutionListener@271053e1, org.springframework.test.context.support.DirtiesContextTestExecutionListener@589838eb, org.springframework.test.context.transaction.TransactionalTestExecutionListener@42dafa95, org.springframework.test.context.jdbc.SqlScriptsTestExecutionListener@6500df86]
2018-06-08 12:33:10 INFO  GenericApplicationContext:590 - Refreshing org.springframework.context.support.GenericApplicationContext@7b49cea0: startup date [Fri Jun 08 12:33:10 EEST 2018]; root of context hierarchy
2018-06-08 12:33:11 INFO  DriverManagerDataSource:133 - Loaded JDBC driver: org.sqlite.JDBC
2018-06-08 12:33:11 INFO  LocalContainerEntityManagerFactoryBean:361 - Building JPA container EntityManagerFactory for persistence unit 'default'
2018-06-08 12:33:11 INFO  LogHelper:31 - HHH000204: Processing PersistenceUnitInfo [
	name: default
	...]
2018-06-08 12:33:11 INFO  Version:46 - HHH000412: Hibernate Core {5.3.1.Final}
2018-06-08 12:33:11 INFO  Environment:213 - HHH000206: hibernate.properties not found
2018-06-08 12:33:11 INFO  Version:49 - HCANN000001: Hibernate Commons Annotations {5.0.3.Final}
2018-06-08 12:33:12 INFO  Dialect:157 - HHH000400: Using dialect: com.enigmabridge.hibernate.dialect.SQLiteDialect
2018-06-08 12:33:12 INFO  LobCreatorBuilderImpl:98 - HHH000423: Disabling contextual LOB creation as JDBC driver reported JDBC version [2] less than 4
2018-06-08 12:33:13 INFO  LocalContainerEntityManagerFactoryBean:415 - Initialized JPA EntityManagerFactory for persistence unit 'default'
2018-06-08 12:33:14 INFO  QueryTranslatorFactoryInitiator:47 - HHH000397: Using ASTQueryTranslatorFactory
2018-06-08 12:33:14 INFO  TransactionContext:107 - Began transaction (1) for test context [DefaultTestContext@77bbadc testClass = AppTest, testInstance = SqlTest.MainTest@3c3a0032, testMethod = testFindAll@AppTest, testException = [null], mergedContextConfiguration = [MergedContextConfiguration@7ceb4478 testClass = AppTest, locations = '{}', classes = '{class SqlTest.AppConfig.AppConfig}', contextInitializerClasses = '[]', activeProfiles = '{}', propertySourceLocations = '{}', propertySourceProperties = '{}', contextCustomizers = set[[empty]], contextLoader = 'org.springframework.test.context.support.DelegatingSmartContextLoader', parent = [null]], attributes = map[[empty]]]; transaction manager [org.springframework.orm.jpa.JpaTransactionManager@2a3194c6]; rollback [true]
2018-06-08 12:33:14 INFO  TransactionContext:139 - Rolled back transaction for test: [DefaultTestContext@77bbadc testClass = AppTest, testInstance = SqlTest.MainTest@3c3a0032, testMethod = testFindAll@AppTest, testException = [null], mergedContextConfiguration = [MergedContextConfiguration@7ceb4478 testClass = AppTest, locations = '{}', classes = '{class SqlTest.AppConfig.AppConfig}', contextInitializerClasses = '[]', activeProfiles = '{}', propertySourceLocations = '{}', propertySourceProperties = '{}', contextCustomizers = set[[empty]], contextLoader = 'org.springframework.test.context.support.DelegatingSmartContextLoader', parent = [null]], attributes = map[[empty]]]
2018-06-08 12:33:14 INFO  GenericApplicationContext:993 - Closing org.springframework.context.support.GenericApplicationContext@7b49cea0: startup date [Fri Jun 08 12:33:10 EEST 2018]; root of context hierarchy
2018-06-08 12:33:14 INFO  LocalContainerEntityManagerFactoryBean:597 - Closing JPA EntityManagerFactory for persistence unit 'default'
2018-06-08 12:35:52 INFO  DefaultTestContextBootstrapper:248 - Loaded default TestExecutionListener class names from location [META-INF/spring.factories]: [org.springframework.test.context.web.ServletTestExecutionListener, org.springframework.test.context.support.DirtiesContextBeforeModesTestExecutionListener, org.springframework.test.context.support.DependencyInjectionTestExecutionListener, org.springframework.test.context.support.DirtiesContextTestExecutionListener, org.springframework.test.context.transaction.TransactionalTestExecutionListener, org.springframework.test.context.jdbc.SqlScriptsTestExecutionListener]
2018-06-08 12:35:52 INFO  DefaultTestContextBootstrapper:177 - Using TestExecutionListeners: [org.springframework.test.context.support.DirtiesContextBeforeModesTestExecutionListener@271053e1, org.springframework.test.context.support.DependencyInjectionTestExecutionListener@589838eb, org.springframework.test.context.support.DirtiesContextTestExecutionListener@42dafa95, org.springframework.test.context.transaction.TransactionalTestExecutionListener@6500df86, org.springframework.test.context.jdbc.SqlScriptsTestExecutionListener@402a079c]
2018-06-08 12:35:52 INFO  GenericApplicationContext:590 - Refreshing org.springframework.context.support.GenericApplicationContext@887af79: startup date [Fri Jun 08 12:35:52 EEST 2018]; root of context hierarchy
2018-06-08 12:35:52 INFO  DriverManagerDataSource:133 - Loaded JDBC driver: org.sqlite.JDBC
2018-06-08 12:35:52 INFO  LocalContainerEntityManagerFactoryBean:361 - Building JPA container EntityManagerFactory for persistence unit 'default'
2018-06-08 12:35:52 INFO  LogHelper:31 - HHH000204: Processing PersistenceUnitInfo [
	name: default
	...]
2018-06-08 12:35:53 INFO  Version:46 - HHH000412: Hibernate Core {5.3.1.Final}
2018-06-08 12:35:53 INFO  Environment:213 - HHH000206: hibernate.properties not found
2018-06-08 12:35:53 INFO  Version:49 - HCANN000001: Hibernate Commons Annotations {5.0.3.Final}
2018-06-08 12:35:53 INFO  Dialect:157 - HHH000400: Using dialect: com.enigmabridge.hibernate.dialect.SQLiteDialect
2018-06-08 12:35:53 INFO  LobCreatorBuilderImpl:98 - HHH000423: Disabling contextual LOB creation as JDBC driver reported JDBC version [2] less than 4
2018-06-08 12:35:55 INFO  LocalContainerEntityManagerFactoryBean:415 - Initialized JPA EntityManagerFactory for persistence unit 'default'
2018-06-08 12:35:55 INFO  QueryTranslatorFactoryInitiator:47 - HHH000397: Using ASTQueryTranslatorFactory
2018-06-08 12:35:55 INFO  TransactionContext:107 - Began transaction (1) for test context [DefaultTestContext@6f94a5a5 testClass = AppTest, testInstance = SqlTest.MainTest@455c1d8c, testMethod = testFindAll@AppTest, testException = [null], mergedContextConfiguration = [MergedContextConfiguration@a451491 testClass = AppTest, locations = '{}', classes = '{class SqlTest.AppConfig.AppConfig}', contextInitializerClasses = '[]', activeProfiles = '{}', propertySourceLocations = '{}', propertySourceProperties = '{}', contextCustomizers = set[[empty]], contextLoader = 'org.springframework.test.context.support.DelegatingSmartContextLoader', parent = [null]], attributes = map[[empty]]]; transaction manager [org.springframework.orm.jpa.JpaTransactionManager@7a729f84]; rollback [true]
2018-06-08 12:35:55 INFO  TransactionContext:139 - Rolled back transaction for test: [DefaultTestContext@6f94a5a5 testClass = AppTest, testInstance = SqlTest.MainTest@455c1d8c, testMethod = testFindAll@AppTest, testException = [null], mergedContextConfiguration = [MergedContextConfiguration@a451491 testClass = AppTest, locations = '{}', classes = '{class SqlTest.AppConfig.AppConfig}', contextInitializerClasses = '[]', activeProfiles = '{}', propertySourceLocations = '{}', propertySourceProperties = '{}', contextCustomizers = set[[empty]], contextLoader = 'org.springframework.test.context.support.DelegatingSmartContextLoader', parent = [null]], attributes = map[[empty]]]
2018-06-08 12:35:55 INFO  GenericApplicationContext:993 - Closing org.springframework.context.support.GenericApplicationContext@887af79: startup date [Fri Jun 08 12:35:52 EEST 2018]; root of context hierarchy
2018-06-08 12:35:55 INFO  LocalContainerEntityManagerFactoryBean:597 - Closing JPA EntityManagerFactory for persistence unit 'default'
2018-06-08 12:36:03 INFO  DefaultTestContextBootstrapper:248 - Loaded default TestExecutionListener class names from location [META-INF/spring.factories]: [org.springframework.test.context.web.ServletTestExecutionListener, org.springframework.test.context.support.DirtiesContextBeforeModesTestExecutionListener, org.springframework.test.context.support.DependencyInjectionTestExecutionListener, org.springframework.test.context.support.DirtiesContextTestExecutionListener, org.springframework.test.context.transaction.TransactionalTestExecutionListener, org.springframework.test.context.jdbc.SqlScriptsTestExecutionListener]
2018-06-08 12:36:04 INFO  DefaultTestContextBootstrapper:177 - Using TestExecutionListeners: [org.springframework.test.context.support.DirtiesContextBeforeModesTestExecutionListener@59ec2012, org.springframework.test.context.support.DependencyInjectionTestExecutionListener@4cf777e8, org.springframework.test.context.support.DirtiesContextTestExecutionListener@2f686d1f, org.springframework.test.context.transaction.TransactionalTestExecutionListener@3fee9989, org.springframework.test.context.jdbc.SqlScriptsTestExecutionListener@73ad2d6]
2018-06-08 12:36:04 INFO  GenericApplicationContext:590 - Refreshing org.springframework.context.support.GenericApplicationContext@47ef968d: startup date [Fri Jun 08 12:36:04 EEST 2018]; root of context hierarchy
2018-06-08 12:36:04 INFO  DriverManagerDataSource:133 - Loaded JDBC driver: org.sqlite.JDBC
2018-06-08 12:36:04 INFO  LocalContainerEntityManagerFactoryBean:361 - Building JPA container EntityManagerFactory for persistence unit 'default'
2018-06-08 12:36:04 INFO  LogHelper:31 - HHH000204: Processing PersistenceUnitInfo [
	name: default
	...]
2018-06-08 12:36:05 INFO  Version:46 - HHH000412: Hibernate Core {5.3.1.Final}
2018-06-08 12:36:05 INFO  Environment:213 - HHH000206: hibernate.properties not found
2018-06-08 12:36:05 INFO  Version:49 - HCANN000001: Hibernate Commons Annotations {5.0.3.Final}
2018-06-08 12:36:05 INFO  Dialect:157 - HHH000400: Using dialect: com.enigmabridge.hibernate.dialect.SQLiteDialect
2018-06-08 12:36:05 INFO  LobCreatorBuilderImpl:98 - HHH000423: Disabling contextual LOB creation as JDBC driver reported JDBC version [2] less than 4
2018-06-08 12:36:06 INFO  LocalContainerEntityManagerFactoryBean:415 - Initialized JPA EntityManagerFactory for persistence unit 'default'
2018-06-08 12:36:07 INFO  QueryTranslatorFactoryInitiator:47 - HHH000397: Using ASTQueryTranslatorFactory
2018-06-08 12:36:07 INFO  TransactionContext:107 - Began transaction (1) for test context [DefaultTestContext@1422ac7f testClass = AppTest, testInstance = SqlTest.MainTest@5e519ad3, testMethod = testCount@AppTest, testException = [null], mergedContextConfiguration = [MergedContextConfiguration@7bc44ce8 testClass = AppTest, locations = '{}', classes = '{class SqlTest.AppConfig.AppConfig}', contextInitializerClasses = '[]', activeProfiles = '{}', propertySourceLocations = '{}', propertySourceProperties = '{}', contextCustomizers = set[[empty]], contextLoader = 'org.springframework.test.context.support.DelegatingSmartContextLoader', parent = [null]], attributes = map[[empty]]]; transaction manager [org.springframework.orm.jpa.JpaTransactionManager@1f7076bc]; rollback [true]
2018-06-08 12:36:07 INFO  TransactionContext:139 - Rolled back transaction for test: [DefaultTestContext@1422ac7f testClass = AppTest, testInstance = SqlTest.MainTest@5e519ad3, testMethod = testCount@AppTest, testException = [null], mergedContextConfiguration = [MergedContextConfiguration@7bc44ce8 testClass = AppTest, locations = '{}', classes = '{class SqlTest.AppConfig.AppConfig}', contextInitializerClasses = '[]', activeProfiles = '{}', propertySourceLocations = '{}', propertySourceProperties = '{}', contextCustomizers = set[[empty]], contextLoader = 'org.springframework.test.context.support.DelegatingSmartContextLoader', parent = [null]], attributes = map[[empty]]]
2018-06-08 12:36:07 INFO  GenericApplicationContext:993 - Closing org.springframework.context.support.GenericApplicationContext@47ef968d: startup date [Fri Jun 08 12:36:04 EEST 2018]; root of context hierarchy
2018-06-08 12:36:07 INFO  LocalContainerEntityManagerFactoryBean:597 - Closing JPA EntityManagerFactory for persistence unit 'default'
2018-06-08 12:36:14 INFO  DefaultTestContextBootstrapper:248 - Loaded default TestExecutionListener class names from location [META-INF/spring.factories]: [org.springframework.test.context.web.ServletTestExecutionListener, org.springframework.test.context.support.DirtiesContextBeforeModesTestExecutionListener, org.springframework.test.context.support.DependencyInjectionTestExecutionListener, org.springframework.test.context.support.DirtiesContextTestExecutionListener, org.springframework.test.context.transaction.TransactionalTestExecutionListener, org.springframework.test.context.jdbc.SqlScriptsTestExecutionListener]
2018-06-08 12:36:14 INFO  DefaultTestContextBootstrapper:177 - Using TestExecutionListeners: [org.springframework.test.context.support.DirtiesContextBeforeModesTestExecutionListener@204f30ec, org.springframework.test.context.support.DependencyInjectionTestExecutionListener@e25b2fe, org.springframework.test.context.support.DirtiesContextTestExecutionListener@754ba872, org.springframework.test.context.transaction.TransactionalTestExecutionListener@146ba0ac, org.springframework.test.context.jdbc.SqlScriptsTestExecutionListener@4dfa3a9d]
2018-06-08 12:36:14 INFO  GenericApplicationContext:590 - Refreshing org.springframework.context.support.GenericApplicationContext@3b0143d3: startup date [Fri Jun 08 12:36:14 EEST 2018]; root of context hierarchy
2018-06-08 12:36:14 INFO  DriverManagerDataSource:133 - Loaded JDBC driver: org.sqlite.JDBC
2018-06-08 12:36:15 INFO  LocalContainerEntityManagerFactoryBean:361 - Building JPA container EntityManagerFactory for persistence unit 'default'
2018-06-08 12:36:15 INFO  LogHelper:31 - HHH000204: Processing PersistenceUnitInfo [
	name: default
	...]
2018-06-08 12:36:15 INFO  Version:46 - HHH000412: Hibernate Core {5.3.1.Final}
2018-06-08 12:36:15 INFO  Environment:213 - HHH000206: hibernate.properties not found
2018-06-08 12:36:15 INFO  Version:49 - HCANN000001: Hibernate Commons Annotations {5.0.3.Final}
2018-06-08 12:36:15 INFO  Dialect:157 - HHH000400: Using dialect: com.enigmabridge.hibernate.dialect.SQLiteDialect
2018-06-08 12:36:15 INFO  LobCreatorBuilderImpl:98 - HHH000423: Disabling contextual LOB creation as JDBC driver reported JDBC version [2] less than 4
2018-06-08 12:36:17 INFO  LocalContainerEntityManagerFactoryBean:415 - Initialized JPA EntityManagerFactory for persistence unit 'default'
2018-06-08 12:36:17 INFO  QueryTranslatorFactoryInitiator:47 - HHH000397: Using ASTQueryTranslatorFactory
2018-06-08 12:36:17 INFO  TransactionContext:107 - Began transaction (1) for test context [DefaultTestContext@12fcc71f testClass = AppTest, testInstance = SqlTest.MainTest@5679e96b, testMethod = testFindAll@AppTest, testException = [null], mergedContextConfiguration = [MergedContextConfiguration@3ed7821 testClass = AppTest, locations = '{}', classes = '{class SqlTest.AppConfig.AppConfig}', contextInitializerClasses = '[]', activeProfiles = '{}', propertySourceLocations = '{}', propertySourceProperties = '{}', contextCustomizers = set[[empty]], contextLoader = 'org.springframework.test.context.support.DelegatingSmartContextLoader', parent = [null]], attributes = map[[empty]]]; transaction manager [org.springframework.orm.jpa.JpaTransactionManager@6944e53e]; rollback [true]
2018-06-08 12:36:17 INFO  TransactionContext:139 - Rolled back transaction for test: [DefaultTestContext@12fcc71f testClass = AppTest, testInstance = SqlTest.MainTest@5679e96b, testMethod = testFindAll@AppTest, testException = [null], mergedContextConfiguration = [MergedContextConfiguration@3ed7821 testClass = AppTest, locations = '{}', classes = '{class SqlTest.AppConfig.AppConfig}', contextInitializerClasses = '[]', activeProfiles = '{}', propertySourceLocations = '{}', propertySourceProperties = '{}', contextCustomizers = set[[empty]], contextLoader = 'org.springframework.test.context.support.DelegatingSmartContextLoader', parent = [null]], attributes = map[[empty]]]
2018-06-08 12:36:18 INFO  TransactionContext:107 - Began transaction (1) for test context [DefaultTestContext@12fcc71f testClass = AppTest, testInstance = SqlTest.MainTest@6c841199, testMethod = testCount@AppTest, testException = [null], mergedContextConfiguration = [MergedContextConfiguration@3ed7821 testClass = AppTest, locations = '{}', classes = '{class SqlTest.AppConfig.AppConfig}', contextInitializerClasses = '[]', activeProfiles = '{}', propertySourceLocations = '{}', propertySourceProperties = '{}', contextCustomizers = set[[empty]], contextLoader = 'org.springframework.test.context.support.DelegatingSmartContextLoader', parent = [null]], attributes = map[[empty]]]; transaction manager [org.springframework.orm.jpa.JpaTransactionManager@6944e53e]; rollback [true]
2018-06-08 12:36:18 INFO  TransactionContext:139 - Rolled back transaction for test: [DefaultTestContext@12fcc71f testClass = AppTest, testInstance = SqlTest.MainTest@6c841199, testMethod = testCount@AppTest, testException = [null], mergedContextConfiguration = [MergedContextConfiguration@3ed7821 testClass = AppTest, locations = '{}', classes = '{class SqlTest.AppConfig.AppConfig}', contextInitializerClasses = '[]', activeProfiles = '{}', propertySourceLocations = '{}', propertySourceProperties = '{}', contextCustomizers = set[[empty]], contextLoader = 'org.springframework.test.context.support.DelegatingSmartContextLoader', parent = [null]], attributes = map[[empty]]]
2018-06-08 12:36:18 INFO  GenericApplicationContext:993 - Closing org.springframework.context.support.GenericApplicationContext@3b0143d3: startup date [Fri Jun 08 12:36:14 EEST 2018]; root of context hierarchy
2018-06-08 12:36:18 INFO  LocalContainerEntityManagerFactoryBean:597 - Closing JPA EntityManagerFactory for persistence unit 'default'
2018-06-08 12:36:28 INFO  DefaultTestContextBootstrapper:248 - Loaded default TestExecutionListener class names from location [META-INF/spring.factories]: [org.springframework.test.context.web.ServletTestExecutionListener, org.springframework.test.context.support.DirtiesContextBeforeModesTestExecutionListener, org.springframework.test.context.support.DependencyInjectionTestExecutionListener, org.springframework.test.context.support.DirtiesContextTestExecutionListener, org.springframework.test.context.transaction.TransactionalTestExecutionListener, org.springframework.test.context.jdbc.SqlScriptsTestExecutionListener]
2018-06-08 12:36:28 INFO  DefaultTestContextBootstrapper:177 - Using TestExecutionListeners: [org.springframework.test.context.support.DirtiesContextBeforeModesTestExecutionListener@25bbe1b6, org.springframework.test.context.support.DependencyInjectionTestExecutionListener@5702b3b1, org.springframework.test.context.support.DirtiesContextTestExecutionListener@69ea3742, org.springframework.test.context.transaction.TransactionalTestExecutionListener@4b952a2d, org.springframework.test.context.jdbc.SqlScriptsTestExecutionListener@3159c4b8]
2018-06-08 12:36:29 INFO  GenericApplicationContext:590 - Refreshing org.springframework.context.support.GenericApplicationContext@3224f60b: startup date [Fri Jun 08 12:36:29 EEST 2018]; root of context hierarchy
2018-06-08 12:36:29 INFO  DriverManagerDataSource:133 - Loaded JDBC driver: org.sqlite.JDBC
2018-06-08 12:36:29 INFO  LocalContainerEntityManagerFactoryBean:361 - Building JPA container EntityManagerFactory for persistence unit 'default'
2018-06-08 12:36:29 INFO  LogHelper:31 - HHH000204: Processing PersistenceUnitInfo [
	name: default
	...]
2018-06-08 12:36:29 INFO  Version:46 - HHH000412: Hibernate Core {5.3.1.Final}
2018-06-08 12:36:29 INFO  Environment:213 - HHH000206: hibernate.properties not found
2018-06-08 12:36:30 INFO  Version:49 - HCANN000001: Hibernate Commons Annotations {5.0.3.Final}
2018-06-08 12:36:30 INFO  Dialect:157 - HHH000400: Using dialect: com.enigmabridge.hibernate.dialect.SQLiteDialect
2018-06-08 12:36:30 INFO  LobCreatorBuilderImpl:98 - HHH000423: Disabling contextual LOB creation as JDBC driver reported JDBC version [2] less than 4
2018-06-08 12:36:31 INFO  LocalContainerEntityManagerFactoryBean:415 - Initialized JPA EntityManagerFactory for persistence unit 'default'
2018-06-08 12:36:32 INFO  QueryTranslatorFactoryInitiator:47 - HHH000397: Using ASTQueryTranslatorFactory
2018-06-08 12:36:32 INFO  TransactionContext:107 - Began transaction (1) for test context [DefaultTestContext@5af8bb51 testClass = AppTest, testInstance = SqlTest.MainTest@799ed4e8, testMethod = testFindAll@AppTest, testException = [null], mergedContextConfiguration = [MergedContextConfiguration@2e66bc32 testClass = AppTest, locations = '{}', classes = '{class SqlTest.AppConfig.AppConfig}', contextInitializerClasses = '[]', activeProfiles = '{}', propertySourceLocations = '{}', propertySourceProperties = '{}', contextCustomizers = set[[empty]], contextLoader = 'org.springframework.test.context.support.DelegatingSmartContextLoader', parent = [null]], attributes = map[[empty]]]; transaction manager [org.springframework.orm.jpa.JpaTransactionManager@4047d2d9]; rollback [true]
2018-06-08 12:36:32 INFO  TransactionContext:139 - Rolled back transaction for test: [DefaultTestContext@5af8bb51 testClass = AppTest, testInstance = SqlTest.MainTest@799ed4e8, testMethod = testFindAll@AppTest, testException = [null], mergedContextConfiguration = [MergedContextConfiguration@2e66bc32 testClass = AppTest, locations = '{}', classes = '{class SqlTest.AppConfig.AppConfig}', contextInitializerClasses = '[]', activeProfiles = '{}', propertySourceLocations = '{}', propertySourceProperties = '{}', contextCustomizers = set[[empty]], contextLoader = 'org.springframework.test.context.support.DelegatingSmartContextLoader', parent = [null]], attributes = map[[empty]]]
2018-06-08 12:36:32 INFO  TransactionContext:107 - Began transaction (1) for test context [DefaultTestContext@5af8bb51 testClass = AppTest, testInstance = SqlTest.MainTest@3650d4fc, testMethod = testCount@AppTest, testException = [null], mergedContextConfiguration = [MergedContextConfiguration@2e66bc32 testClass = AppTest, locations = '{}', classes = '{class SqlTest.AppConfig.AppConfig}', contextInitializerClasses = '[]', activeProfiles = '{}', propertySourceLocations = '{}', propertySourceProperties = '{}', contextCustomizers = set[[empty]], contextLoader = 'org.springframework.test.context.support.DelegatingSmartContextLoader', parent = [null]], attributes = map[[empty]]]; transaction manager [org.springframework.orm.jpa.JpaTransactionManager@4047d2d9]; rollback [true]
2018-06-08 12:36:32 INFO  TransactionContext:139 - Rolled back transaction for test: [DefaultTestContext@5af8bb51 testClass = AppTest, testInstance = SqlTest.MainTest@3650d4fc, testMethod = testCount@AppTest, testException = java.lang.AssertionError: expected:<3> but was:<2>, mergedContextConfiguration = [MergedContextConfiguration@2e66bc32 testClass = AppTest, locations = '{}', classes = '{class SqlTest.AppConfig.AppConfig}', contextInitializerClasses = '[]', activeProfiles = '{}', propertySourceLocations = '{}', propertySourceProperties = '{}', contextCustomizers = set[[empty]], contextLoader = 'org.springframework.test.context.support.DelegatingSmartContextLoader', parent = [null]], attributes = map[[empty]]]
2018-06-08 12:36:32 INFO  GenericApplicationContext:993 - Closing org.springframework.context.support.GenericApplicationContext@3224f60b: startup date [Fri Jun 08 12:36:29 EEST 2018]; root of context hierarchy
2018-06-08 12:36:32 INFO  LocalContainerEntityManagerFactoryBean:597 - Closing JPA EntityManagerFactory for persistence unit 'default'
2018-06-08 12:38:29 INFO  DefaultTestContextBootstrapper:248 - Loaded default TestExecutionListener class names from location [META-INF/spring.factories]: [org.springframework.test.context.web.ServletTestExecutionListener, org.springframework.test.context.support.DirtiesContextBeforeModesTestExecutionListener, org.springframework.test.context.support.DependencyInjectionTestExecutionListener, org.springframework.test.context.support.DirtiesContextTestExecutionListener, org.springframework.test.context.transaction.TransactionalTestExecutionListener, org.springframework.test.context.jdbc.SqlScriptsTestExecutionListener]
2018-06-08 12:38:29 INFO  DefaultTestContextBootstrapper:177 - Using TestExecutionListeners: [org.springframework.test.context.support.DirtiesContextBeforeModesTestExecutionListener@204f30ec, org.springframework.test.context.support.DependencyInjectionTestExecutionListener@e25b2fe, org.springframework.test.context.support.DirtiesContextTestExecutionListener@754ba872, org.springframework.test.context.transaction.TransactionalTestExecutionListener@146ba0ac, org.springframework.test.context.jdbc.SqlScriptsTestExecutionListener@4dfa3a9d]
2018-06-08 12:38:29 INFO  GenericApplicationContext:590 - Refreshing org.springframework.context.support.GenericApplicationContext@3b0143d3: startup date [Fri Jun 08 12:38:29 EEST 2018]; root of context hierarchy
2018-06-08 12:38:30 INFO  DriverManagerDataSource:133 - Loaded JDBC driver: org.sqlite.JDBC
2018-06-08 12:38:30 INFO  LocalContainerEntityManagerFactoryBean:361 - Building JPA container EntityManagerFactory for persistence unit 'default'
2018-06-08 12:38:30 INFO  LogHelper:31 - HHH000204: Processing PersistenceUnitInfo [
	name: default
	...]
2018-06-08 12:38:30 INFO  Version:46 - HHH000412: Hibernate Core {5.3.1.Final}
2018-06-08 12:38:30 INFO  Environment:213 - HHH000206: hibernate.properties not found
2018-06-08 12:38:30 INFO  Version:49 - HCANN000001: Hibernate Commons Annotations {5.0.3.Final}
2018-06-08 12:38:31 INFO  Dialect:157 - HHH000400: Using dialect: com.enigmabridge.hibernate.dialect.SQLiteDialect
2018-06-08 12:38:31 INFO  LobCreatorBuilderImpl:98 - HHH000423: Disabling contextual LOB creation as JDBC driver reported JDBC version [2] less than 4
2018-06-08 12:38:32 INFO  LocalContainerEntityManagerFactoryBean:415 - Initialized JPA EntityManagerFactory for persistence unit 'default'
2018-06-08 12:38:32 INFO  QueryTranslatorFactoryInitiator:47 - HHH000397: Using ASTQueryTranslatorFactory
2018-06-08 12:38:32 INFO  TransactionContext:107 - Began transaction (1) for test context [DefaultTestContext@3ed7821 testClass = AppTest, testInstance = SqlTest.MainTest@3bbf841e, testMethod = testFindAll@AppTest, testException = [null], mergedContextConfiguration = [MergedContextConfiguration@4f0f7849 testClass = AppTest, locations = '{}', classes = '{class SqlTest.AppConfig.AppConfig}', contextInitializerClasses = '[]', activeProfiles = '{}', propertySourceLocations = '{}', propertySourceProperties = '{}', contextCustomizers = set[[empty]], contextLoader = 'org.springframework.test.context.support.DelegatingSmartContextLoader', parent = [null]], attributes = map[[empty]]]; transaction manager [org.springframework.orm.jpa.JpaTransactionManager@5bc7e78e]; rollback [true]
2018-06-08 12:38:33 INFO  TransactionContext:139 - Rolled back transaction for test: [DefaultTestContext@3ed7821 testClass = AppTest, testInstance = SqlTest.MainTest@3bbf841e, testMethod = testFindAll@AppTest, testException = [null], mergedContextConfiguration = [MergedContextConfiguration@4f0f7849 testClass = AppTest, locations = '{}', classes = '{class SqlTest.AppConfig.AppConfig}', contextInitializerClasses = '[]', activeProfiles = '{}', propertySourceLocations = '{}', propertySourceProperties = '{}', contextCustomizers = set[[empty]], contextLoader = 'org.springframework.test.context.support.DelegatingSmartContextLoader', parent = [null]], attributes = map[[empty]]]
2018-06-08 12:38:33 INFO  TransactionContext:107 - Began transaction (1) for test context [DefaultTestContext@3ed7821 testClass = AppTest, testInstance = SqlTest.MainTest@489091bd, testMethod = testCount@AppTest, testException = [null], mergedContextConfiguration = [MergedContextConfiguration@4f0f7849 testClass = AppTest, locations = '{}', classes = '{class SqlTest.AppConfig.AppConfig}', contextInitializerClasses = '[]', activeProfiles = '{}', propertySourceLocations = '{}', propertySourceProperties = '{}', contextCustomizers = set[[empty]], contextLoader = 'org.springframework.test.context.support.DelegatingSmartContextLoader', parent = [null]], attributes = map[[empty]]]; transaction manager [org.springframework.orm.jpa.JpaTransactionManager@5bc7e78e]; rollback [true]
2018-06-08 12:38:33 INFO  TransactionContext:139 - Rolled back transaction for test: [DefaultTestContext@3ed7821 testClass = AppTest, testInstance = SqlTest.MainTest@489091bd, testMethod = testCount@AppTest, testException = [null], mergedContextConfiguration = [MergedContextConfiguration@4f0f7849 testClass = AppTest, locations = '{}', classes = '{class SqlTest.AppConfig.AppConfig}', contextInitializerClasses = '[]', activeProfiles = '{}', propertySourceLocations = '{}', propertySourceProperties = '{}', contextCustomizers = set[[empty]], contextLoader = 'org.springframework.test.context.support.DelegatingSmartContextLoader', parent = [null]], attributes = map[[empty]]]
2018-06-08 12:38:33 INFO  TransactionContext:107 - Began transaction (1) for test context [DefaultTestContext@3ed7821 testClass = AppTest, testInstance = SqlTest.MainTest@75181b50, testMethod = testDelete@AppTest, testException = [null], mergedContextConfiguration = [MergedContextConfiguration@4f0f7849 testClass = AppTest, locations = '{}', classes = '{class SqlTest.AppConfig.AppConfig}', contextInitializerClasses = '[]', activeProfiles = '{}', propertySourceLocations = '{}', propertySourceProperties = '{}', contextCustomizers = set[[empty]], contextLoader = 'org.springframework.test.context.support.DelegatingSmartContextLoader', parent = [null]], attributes = map[[empty]]]; transaction manager [org.springframework.orm.jpa.JpaTransactionManager@5bc7e78e]; rollback [true]
2018-06-08 12:38:33 INFO  TransactionContext:139 - Rolled back transaction for test: [DefaultTestContext@3ed7821 testClass = AppTest, testInstance = SqlTest.MainTest@75181b50, testMethod = testDelete@AppTest, testException = [null], mergedContextConfiguration = [MergedContextConfiguration@4f0f7849 testClass = AppTest, locations = '{}', classes = '{class SqlTest.AppConfig.AppConfig}', contextInitializerClasses = '[]', activeProfiles = '{}', propertySourceLocations = '{}', propertySourceProperties = '{}', contextCustomizers = set[[empty]], contextLoader = 'org.springframework.test.context.support.DelegatingSmartContextLoader', parent = [null]], attributes = map[[empty]]]
2018-06-08 12:38:33 INFO  GenericApplicationContext:993 - Closing org.springframework.context.support.GenericApplicationContext@3b0143d3: startup date [Fri Jun 08 12:38:29 EEST 2018]; root of context hierarchy
2018-06-08 12:38:33 INFO  LocalContainerEntityManagerFactoryBean:597 - Closing JPA EntityManagerFactory for persistence unit 'default'
